<?xml version="1.0" encoding="UTF-8"?>
<testsuite xmlns:xsi="http://www.w3.org/2001/XMLSchema-instance" xsi:noNamespaceSchemaLocation="https://maven.apache.org/surefire/maven-surefire-plugin/xsd/surefire-test-report-3.0.xsd" version="3.0" name="com.example.demo.Demo3ApplicationTests" time="7.883" tests="1" errors="0" skipped="0" failures="0">
  <properties>
[...]
</properties>
  <testcase name="contextLoads" classname="com.example.demo.Demo3ApplicationTests" time="1.787">
    <system-out><![CDATA[01:02:52.700 [main] INFO org.springframework.test.context.support.AnnotationConfigContextLoaderUtils -- Could not detect default configuration classes for test class [com.example.demo.Demo3ApplicationTests]: Demo3ApplicationTests does not declare any static, non-private, non-final, nested classes annotated with @Configuration.
01:02:52.909 [main] INFO org.springframework.boot.test.context.SpringBootTestContextBootstrapper -- Found @SpringBootConfiguration com.example.demo.Demo3Application for test class com.example.demo.Demo3ApplicationTests
01:02:53.214 [main] INFO org.springframework.boot.devtools.restart.RestartApplicationListener -- Restart disabled due to context in which it is running

  .   ____          _            __ _ _
 /\\ / ___'_ __ _ _(_)_ __  __ _ \ \ \ \
( ( )\___ | '_ | '_| | '_ \/ _` | \ \ \ \
 \\/  ___)| |_)| | | | | || (_| |  ) ) ) )
  '  |____| .__|_| |_|_| |_\__, | / / / /
 =========|_|==============|___/=/_/_/_/
 :: Spring Boot ::                (v3.2.5)

2024-05-05T01:02:53.677+09:00  INFO 177308 --- [demo3] [           main] com.example.demo.Demo3ApplicationTests   : Starting Demo3ApplicationTests using Java 17.0.11 with PID 177308 (started by 고다현 in C:\Users\82109\IdeaProjects\Tongue)
2024-05-05T01:02:53.680+09:00  INFO 177308 --- [demo3] [           main] com.example.demo.Demo3ApplicationTests   : No active profile set, falling back to 1 default profile: "default"
2024-05-05T01:02:55.453+09:00  WARN 177308 --- [demo3] [           main] trationDelegate$BeanPostProcessorChecker : Bean 'org.springframework.ws.config.annotation.DelegatingWsConfiguration' of type [org.springframework.ws.config.annotation.DelegatingWsConfiguration$$SpringCGLIB$$0] is not eligible for getting processed by all BeanPostProcessors (for example: not eligible for auto-proxying). The currently created BeanPostProcessor [annotationActionEndpointMapping] is declared through a non-static factory method on that class; consider declaring it as static instead.
2024-05-05T01:02:55.528+09:00  INFO 177308 --- [demo3] [           main] .w.s.a.s.AnnotationActionEndpointMapping : Supporting [WS-Addressing August 2004, WS-Addressing 1.0]
2024-05-05T01:02:55.884+09:00 DEBUG 177308 --- [demo3] [           main] com.zaxxer.hikari.HikariConfig           : Driver class com.mysql.cj.jdbc.Driver found in Thread context class loader jdk.internal.loader.ClassLoaders$AppClassLoader@70dea4e
2024-05-05T01:02:55.910+09:00 DEBUG 177308 --- [demo3] [           main] com.zaxxer.hikari.HikariConfig           : hikari-pool - configuration:
2024-05-05T01:02:55.919+09:00 DEBUG 177308 --- [demo3] [           main] com.zaxxer.hikari.HikariConfig           : allowPoolSuspension.............false
2024-05-05T01:02:55.920+09:00 DEBUG 177308 --- [demo3] [           main] com.zaxxer.hikari.HikariConfig           : autoCommit......................true
2024-05-05T01:02:55.921+09:00 DEBUG 177308 --- [demo3] [           main] com.zaxxer.hikari.HikariConfig           : catalog.........................none
2024-05-05T01:02:55.921+09:00 DEBUG 177308 --- [demo3] [           main] com.zaxxer.hikari.HikariConfig           : connectionInitSql..............."SELECT 1"
2024-05-05T01:02:55.921+09:00 DEBUG 177308 --- [demo3] [           main] com.zaxxer.hikari.HikariConfig           : connectionTestQuery.............none
2024-05-05T01:02:55.922+09:00 DEBUG 177308 --- [demo3] [           main] com.zaxxer.hikari.HikariConfig           : connectionTimeout...............5000
2024-05-05T01:02:55.922+09:00 DEBUG 177308 --- [demo3] [           main] com.zaxxer.hikari.HikariConfig           : dataSource......................none
2024-05-05T01:02:55.922+09:00 DEBUG 177308 --- [demo3] [           main] com.zaxxer.hikari.HikariConfig           : dataSourceClassName.............none
2024-05-05T01:02:55.923+09:00 DEBUG 177308 --- [demo3] [           main] com.zaxxer.hikari.HikariConfig           : dataSourceJNDI..................none
2024-05-05T01:02:55.923+09:00 DEBUG 177308 --- [demo3] [           main] com.zaxxer.hikari.HikariConfig           : dataSourceProperties............{password=<masked>}
2024-05-05T01:02:55.924+09:00 DEBUG 177308 --- [demo3] [           main] com.zaxxer.hikari.HikariConfig           : driverClassName................."com.mysql.cj.jdbc.Driver"
2024-05-05T01:02:55.924+09:00 DEBUG 177308 --- [demo3] [           main] com.zaxxer.hikari.HikariConfig           : exceptionOverrideClassName......none
2024-05-05T01:02:55.925+09:00 DEBUG 177308 --- [demo3] [           main] com.zaxxer.hikari.HikariConfig           : healthCheckProperties...........{}
2024-05-05T01:02:55.925+09:00 DEBUG 177308 --- [demo3] [           main] com.zaxxer.hikari.HikariConfig           : healthCheckRegistry.............none
2024-05-05T01:02:55.926+09:00 DEBUG 177308 --- [demo3] [           main] com.zaxxer.hikari.HikariConfig           : idleTimeout.....................600000
2024-05-05T01:02:55.926+09:00 DEBUG 177308 --- [demo3] [           main] com.zaxxer.hikari.HikariConfig           : initializationFailTimeout.......1
2024-05-05T01:02:55.928+09:00 DEBUG 177308 --- [demo3] [           main] com.zaxxer.hikari.HikariConfig           : isolateInternalQueries..........false
2024-05-05T01:02:55.929+09:00 DEBUG 177308 --- [demo3] [           main] com.zaxxer.hikari.HikariConfig           : jdbcUrl.........................jdbc:mysql://database-2.cfi262g2eekx.ap-northeast-2.rds.amazonaws.com:3306/Tongue?serverTimezone=UTC&useUniCode=yes&characterEncoding=UTF-8
2024-05-05T01:02:55.929+09:00 DEBUG 177308 --- [demo3] [           main] com.zaxxer.hikari.HikariConfig           : keepaliveTime...................0
2024-05-05T01:02:55.929+09:00 DEBUG 177308 --- [demo3] [           main] com.zaxxer.hikari.HikariConfig           : leakDetectionThreshold..........0
2024-05-05T01:02:55.929+09:00 DEBUG 177308 --- [demo3] [           main] com.zaxxer.hikari.HikariConfig           : maxLifetime.....................1800000
2024-05-05T01:02:55.929+09:00 DEBUG 177308 --- [demo3] [           main] com.zaxxer.hikari.HikariConfig           : maximumPoolSize.................50
2024-05-05T01:02:55.929+09:00 DEBUG 177308 --- [demo3] [           main] com.zaxxer.hikari.HikariConfig           : metricRegistry..................none
2024-05-05T01:02:55.929+09:00 DEBUG 177308 --- [demo3] [           main] com.zaxxer.hikari.HikariConfig           : metricsTrackerFactory...........none
2024-05-05T01:02:55.930+09:00 DEBUG 177308 --- [demo3] [           main] com.zaxxer.hikari.HikariConfig           : minimumIdle.....................50
2024-05-05T01:02:55.930+09:00 DEBUG 177308 --- [demo3] [           main] com.zaxxer.hikari.HikariConfig           : password........................<masked>
2024-05-05T01:02:55.930+09:00 DEBUG 177308 --- [demo3] [           main] com.zaxxer.hikari.HikariConfig           : poolName........................"hikari-pool"
2024-05-05T01:02:55.931+09:00 DEBUG 177308 --- [demo3] [           main] com.zaxxer.hikari.HikariConfig           : readOnly........................false
2024-05-05T01:02:55.931+09:00 DEBUG 177308 --- [demo3] [           main] com.zaxxer.hikari.HikariConfig           : registerMbeans..................false
2024-05-05T01:02:55.931+09:00 DEBUG 177308 --- [demo3] [           main] com.zaxxer.hikari.HikariConfig           : scheduledExecutor...............none
2024-05-05T01:02:55.932+09:00 DEBUG 177308 --- [demo3] [           main] com.zaxxer.hikari.HikariConfig           : schema..........................none
2024-05-05T01:02:55.932+09:00 DEBUG 177308 --- [demo3] [           main] com.zaxxer.hikari.HikariConfig           : threadFactory...................internal
2024-05-05T01:02:55.932+09:00 DEBUG 177308 --- [demo3] [           main] com.zaxxer.hikari.HikariConfig           : transactionIsolation............default
2024-05-05T01:02:55.933+09:00 DEBUG 177308 --- [demo3] [           main] com.zaxxer.hikari.HikariConfig           : username........................"admin"
2024-05-05T01:02:55.933+09:00 DEBUG 177308 --- [demo3] [           main] com.zaxxer.hikari.HikariConfig           : validationTimeout...............5000
2024-05-05T01:02:55.936+09:00  INFO 177308 --- [demo3] [           main] com.zaxxer.hikari.HikariDataSource       : hikari-pool - Starting...
2024-05-05T01:02:56.800+09:00  INFO 177308 --- [demo3] [           main] com.zaxxer.hikari.pool.HikariPool        : hikari-pool - Added connection com.mysql.cj.jdbc.ConnectionImpl@4a6c0f38
2024-05-05T01:02:56.805+09:00  INFO 177308 --- [demo3] [           main] com.zaxxer.hikari.HikariDataSource       : hikari-pool - Start completed.
HikariDataSource (hikari-pool)
2024-05-05T01:02:56.909+09:00 DEBUG 177308 --- [demo3] [ool housekeeper] com.zaxxer.hikari.pool.HikariPool        : hikari-pool - Pool stats (total=1, active=0, idle=1, waiting=0)
2024-05-05T01:02:57.037+09:00 DEBUG 177308 --- [demo3] [onnection adder] com.zaxxer.hikari.pool.HikariPool        : hikari-pool - Added connection com.mysql.cj.jdbc.ConnectionImpl@46728f01
2024-05-05T01:02:57.155+09:00 DEBUG 177308 --- [demo3] [onnection adder] com.zaxxer.hikari.pool.HikariPool        : hikari-pool - Added connection com.mysql.cj.jdbc.ConnectionImpl@45d43b35
2024-05-05T01:02:57.257+09:00 DEBUG 177308 --- [demo3] [onnection adder] com.zaxxer.hikari.pool.HikariPool        : hikari-pool - Added connection com.mysql.cj.jdbc.ConnectionImpl@3394909c
2024-05-05T01:02:57.364+09:00 DEBUG 177308 --- [demo3] [onnection adder] com.zaxxer.hikari.pool.HikariPool        : hikari-pool - Added connection com.mysql.cj.jdbc.ConnectionImpl@3691c487
2024-05-05T01:02:57.475+09:00 DEBUG 177308 --- [demo3] [onnection adder] com.zaxxer.hikari.pool.HikariPool        : hikari-pool - Added connection com.mysql.cj.jdbc.ConnectionImpl@5f360560
2024-05-05T01:02:57.622+09:00 DEBUG 177308 --- [demo3] [onnection adder] com.zaxxer.hikari.pool.HikariPool        : hikari-pool - Added connection com.mysql.cj.jdbc.ConnectionImpl@18e6501e
2024-05-05T01:02:57.741+09:00 DEBUG 177308 --- [demo3] [onnection adder] com.zaxxer.hikari.pool.HikariPool        : hikari-pool - Added connection com.mysql.cj.jdbc.ConnectionImpl@58052721
2024-05-05T01:02:57.812+09:00  INFO 177308 --- [demo3] [           main] o.s.s.web.DefaultSecurityFilterChain     : Will secure any request with [org.springframework.security.web.session.DisableEncodeUrlFilter@203765b2, org.springframework.security.web.context.request.async.WebAsyncManagerIntegrationFilter@7e050be1, org.springframework.security.web.context.SecurityContextHolderFilter@7534785a, org.springframework.security.web.header.HeaderWriterFilter@236861da, org.springframework.web.filter.CorsFilter@1b47b7f5, org.springframework.security.web.authentication.logout.LogoutFilter@9f9146d, com.example.demo.jwt.JWTFilter@506aa618, com.example.demo.jwt.LoginFilter@4b6b5352, org.springframework.security.web.savedrequest.RequestCacheAwareFilter@3ba3f40d, org.springframework.security.web.servletapi.SecurityContextHolderAwareRequestFilter@108b121f, org.springframework.security.web.authentication.AnonymousAuthenticationFilter@1d6713dd, org.springframework.security.web.session.SessionManagementFilter@2cd3fc29, org.springframework.security.web.access.ExceptionTranslationFilter@77ce88c4, org.springframework.security.web.access.intercept.AuthorizationFilter@a9a8ec3]
2024-05-05T01:02:57.872+09:00 DEBUG 177308 --- [demo3] [onnection adder] com.zaxxer.hikari.pool.HikariPool        : hikari-pool - Added connection com.mysql.cj.jdbc.ConnectionImpl@6a95129
2024-05-05T01:02:57.983+09:00 DEBUG 177308 --- [demo3] [onnection adder] com.zaxxer.hikari.pool.HikariPool        : hikari-pool - Added connection com.mysql.cj.jdbc.ConnectionImpl@776c0741
2024-05-05T01:02:58.084+09:00 DEBUG 177308 --- [demo3] [onnection adder] com.zaxxer.hikari.pool.HikariPool        : hikari-pool - Added connection com.mysql.cj.jdbc.ConnectionImpl@61698d0
2024-05-05T01:02:58.199+09:00 DEBUG 177308 --- [demo3] [onnection adder] com.zaxxer.hikari.pool.HikariPool        : hikari-pool - Added connection com.mysql.cj.jdbc.ConnectionImpl@712364fd
2024-05-05T01:02:58.316+09:00 DEBUG 177308 --- [demo3] [onnection adder] com.zaxxer.hikari.pool.HikariPool        : hikari-pool - Added connection com.mysql.cj.jdbc.ConnectionImpl@50ea1e9f
2024-05-05T01:02:58.430+09:00  INFO 177308 --- [demo3] [           main] com.example.demo.Demo3ApplicationTests   : Started Demo3ApplicationTests in 5.24 seconds (process running for 6.981)
2024-05-05T01:02:58.464+09:00 DEBUG 177308 --- [demo3] [onnection adder] com.zaxxer.hikari.pool.HikariPool        : hikari-pool - Added connection com.mysql.cj.jdbc.ConnectionImpl@3a34110d
2024-05-05T01:02:58.595+09:00 DEBUG 177308 --- [demo3] [onnection adder] com.zaxxer.hikari.pool.HikariPool        : hikari-pool - Added connection com.mysql.cj.jdbc.ConnectionImpl@6b9ffa50
2024-05-05T01:02:58.725+09:00 DEBUG 177308 --- [demo3] [onnection adder] com.zaxxer.hikari.pool.HikariPool        : hikari-pool - Added connection com.mysql.cj.jdbc.ConnectionImpl@4f232823
2024-05-05T01:02:58.863+09:00 DEBUG 177308 --- [demo3] [onnection adder] com.zaxxer.hikari.pool.HikariPool        : hikari-pool - Added connection com.mysql.cj.jdbc.ConnectionImpl@1693264
2024-05-05T01:02:58.990+09:00 DEBUG 177308 --- [demo3] [onnection adder] com.zaxxer.hikari.pool.HikariPool        : hikari-pool - Added connection com.mysql.cj.jdbc.ConnectionImpl@39d177b8
2024-05-05T01:02:59.115+09:00 DEBUG 177308 --- [demo3] [onnection adder] com.zaxxer.hikari.pool.HikariPool        : hikari-pool - Added connection com.mysql.cj.jdbc.ConnectionImpl@44892f8e
2024-05-05T01:02:59.234+09:00 DEBUG 177308 --- [demo3] [onnection adder] com.zaxxer.hikari.pool.HikariPool        : hikari-pool - Added connection com.mysql.cj.jdbc.ConnectionImpl@519d4d3e
2024-05-05T01:02:59.340+09:00 DEBUG 177308 --- [demo3] [onnection adder] com.zaxxer.hikari.pool.HikariPool        : hikari-pool - Added connection com.mysql.cj.jdbc.ConnectionImpl@79198fc7
2024-05-05T01:02:59.452+09:00 DEBUG 177308 --- [demo3] [onnection adder] com.zaxxer.hikari.pool.HikariPool        : hikari-pool - Added connection com.mysql.cj.jdbc.ConnectionImpl@79946ea8
2024-05-05T01:02:59.545+09:00 DEBUG 177308 --- [demo3] [onnection adder] com.zaxxer.hikari.pool.HikariPool        : hikari-pool - Added connection com.mysql.cj.jdbc.ConnectionImpl@7bfd65ba
2024-05-05T01:02:59.650+09:00 DEBUG 177308 --- [demo3] [onnection adder] com.zaxxer.hikari.pool.HikariPool        : hikari-pool - Added connection com.mysql.cj.jdbc.ConnectionImpl@1a3cfe6e
2024-05-05T01:02:59.779+09:00 DEBUG 177308 --- [demo3] [onnection adder] com.zaxxer.hikari.pool.HikariPool        : hikari-pool - Added connection com.mysql.cj.jdbc.ConnectionImpl@76516fbe
2024-05-05T01:02:59.923+09:00 DEBUG 177308 --- [demo3] [onnection adder] com.zaxxer.hikari.pool.HikariPool        : hikari-pool - Added connection com.mysql.cj.jdbc.ConnectionImpl@59cc18b7
]]></system-out>
  </testcase>
</testsuite>